[21:43:03] [INIT] KubeJS 2001.6.5-build.14; MC 2001 forge
[21:43:03] [INIT] Loaded plugins:
[21:43:03] [INIT] - dev.latvian.mods.kubejs.forge.BuiltinKubeJSForgePlugin
[21:43:03] [INIT] - dev.latvian.mods.kubejs.forge.BuiltinKubeJSForgeClientPlugin
[21:43:03] [INIT] - com.lowdragmc.lowdraglib.kjs.LDLibKubeJSPlugin
[21:43:03] [INIT] - io.github.mortuusars.exposure.integration.kubejs.ExposureJSPlugin
[21:43:03] [INIT] - su.terrafirmagreg.core.compat.kjs.TFGKubeJSPlugin
[21:43:03] [INIT] - dev.ftb.mods.ftbxmodcompat.ftbquests.kubejs.KubeJSIntegration
[21:43:03] [INIT] - dev.ftb.mods.ftbxmodcompat.ftbteams.kubejs.FTBTeamsKubeJSPlugin
[21:43:03] [INIT] - dev.ftb.mods.ftbxmodcompat.ftbfiltersystem.kubejs.FFSKubeJSPlugin
[21:43:03] [INIT] - com.almostreliable.lootjs.kube.LootJSPlugin
[21:43:03] [INIT] - com.blakebr0.cucumber.compat.kubejs.CucumberKubeJSPlugin
[21:43:03] [INIT] - com.gregtechceu.gtceu.integration.kjs.GregTechKubeJSPlugin
[21:43:03] [INIT] - argent_matter.gcyr.integration.kjs.GCyRKubeJSPlugin
[21:43:03] [INIT] - com.notenoughmail.kubejs_tfc.KubeJSTFCPlugin
[21:43:03] [INIT] - com.notenoughmail.kubejs_tfc.addons.firmalife.FirmaLifePlugin
[21:43:03] [INIT] - com.notenoughmail.kubejs_tfc.addons.tfccc.TFCCCPlugin
[21:43:03] [INIT] - dev.latvian.mods.kubejs.create.KubeJSCreatePlugin
[21:43:03] [INFO] example.js#3: TerraFirmaGreg the best modpack in the world :)
[21:43:03] [INFO] Loaded script client_scripts:example.js in 0.0 s
[21:43:03] [INFO] Loaded 1/1 KubeJS client scripts in 0.021 s with 0 errors and 0 warnings
[21:43:11] [INFO] Client resource reload complete!
