[22:31:21] [INFO] Server resource reload complete!
[22:31:22] [INIT] KubeJS 2001.6.5-build.14; MC 2001 forge
[22:31:22] [INIT] Loaded plugins:
[22:31:22] [INIT] - dev.latvian.mods.kubejs.forge.BuiltinKubeJSForgePlugin
[22:31:22] [INIT] - dev.latvian.mods.kubejs.forge.BuiltinKubeJSForgeClientPlugin
[22:31:22] [INIT] - com.lowdragmc.lowdraglib.kjs.LDLibKubeJSPlugin
[22:31:22] [INIT] - io.github.mortuusars.exposure.integration.kubejs.ExposureJSPlugin
[22:31:22] [INIT] - su.terrafirmagreg.core.compat.kjs.TFGKubeJSPlugin
[22:31:22] [INIT] - dev.ftb.mods.ftbxmodcompat.ftbquests.kubejs.KubeJSIntegration
[22:31:22] [INIT] - dev.ftb.mods.ftbxmodcompat.ftbteams.kubejs.FTBTeamsKubeJSPlugin
[22:31:22] [INIT] - dev.ftb.mods.ftbxmodcompat.ftbfiltersystem.kubejs.FFSKubeJSPlugin
[22:31:22] [INIT] - com.almostreliable.lootjs.kube.LootJSPlugin
[22:31:22] [INIT] - com.blakebr0.cucumber.compat.kubejs.CucumberKubeJSPlugin
[22:31:22] [INIT] - com.gregtechceu.gtceu.integration.kjs.GregTechKubeJSPlugin
[22:31:22] [INIT] - argent_matter.gcyr.integration.kjs.GCyRKubeJSPlugin
[22:31:22] [INIT] - com.notenoughmail.kubejs_tfc.KubeJSTFCPlugin
[22:31:22] [INIT] - com.notenoughmail.kubejs_tfc.addons.firmalife.FirmaLifePlugin
[22:31:22] [INIT] - com.notenoughmail.kubejs_tfc.addons.tfccc.TFCCCPlugin
[22:31:22] [INIT] - dev.latvian.mods.kubejs.create.KubeJSCreatePlugin
[22:31:22] [INFO] Loaded script server_scripts:main_server_script.js in 0.001 s
[22:31:22] [INFO] Loaded script server_scripts:ae2/recipes.js in 0.004 s
[22:31:22] [INFO] Loaded script server_scripts:ae2/tags.js in 0.0 s
[22:31:22] [INFO] Loaded script server_scripts:ae2/utility.js in 0.0 s
[22:31:22] [INFO] Loaded script server_scripts:ae2iec/recipes.js in 0.001 s
[22:31:22] [INFO] Loaded script server_scripts:ae2na/recipes.js in 0.0 s
[22:31:22] [INFO] Loaded script server_scripts:ae2wtlib/recipes.js in 0.0 s
[22:31:22] [INFO] Loaded script server_scripts:asticor_carts/recipes.js in 0.0 s
[22:31:22] [INFO] Loaded script server_scripts:asticor_carts/tags.js in 0.0 s
[22:31:22] [INFO] Loaded script server_scripts:chisel_and_bits/recipes.js in 0.0 s
[22:31:22] [INFO] Loaded script server_scripts:chisel_and_bits/tags.js in 0.0 s
[22:31:22] [INFO] Loaded script server_scripts:computer_craft/data.js in 0.0 s
[22:31:22] [INFO] Loaded script server_scripts:computer_craft/recipes.js in 0.001 s
[22:31:22] [INFO] Loaded script server_scripts:computer_craft/tags.js in 0.0 s
[22:31:22] [INFO] Loaded script server_scripts:create/recipes.js in 0.003 s
[22:31:22] [INFO] Loaded script server_scripts:create/tags.js in 0.0 s
[22:31:22] [INFO] Loaded script server_scripts:create_additions/recipes.js in 0.0 s
[22:31:22] [INFO] Loaded script server_scripts:create_additions/tags.js in 0.0 s
[22:31:22] [INFO] Loaded script server_scripts:create_connected/recipes.js in 0.0 s
[22:31:22] [INFO] Loaded script server_scripts:etched/recipes.js in 0.0 s
[22:31:22] [INFO] Loaded script server_scripts:exposure/recipes.js in 0.0 s
[22:31:22] [INFO] Loaded script server_scripts:extended_ae2/recipes.js in 0.001 s
[22:31:22] [INFO] Loaded script server_scripts:extended_ae2/tags.js in 0.0 s
[22:31:22] [INFO] Loaded script server_scripts:firmaciv/recipes.js in 0.001 s
[22:31:22] [INFO] Loaded script server_scripts:firmaciv/tags.js in 0.0 s
[22:31:22] [INFO] Loaded script server_scripts:firmalife/recipes.js in 0.001 s
[22:31:22] [INFO] Loaded script server_scripts:firmalife/tags.js in 0.0 s
[22:31:22] [INFO] Loaded script server_scripts:framed_blocks/recipes.js in 0.001 s
[22:31:22] [INFO] Loaded script server_scripts:framed_blocks/tags.js in 0.0 s
[22:31:22] [INFO] Loaded script server_scripts:ftb_quests/recipes.js in 0.0 s
[22:31:22] [INFO] Loaded script server_scripts:ftb_quests/tags.js in 0.0 s
[22:31:22] [INFO] Loaded script server_scripts:gregtech/constants.js in 0.0 s
[22:31:22] [INFO] Loaded script server_scripts:gregtech/data.js in 0.0 s
[22:31:22] [INFO] Loaded script server_scripts:gregtech/loot.js in 0.0 s
[22:31:22] [INFO] Loaded script server_scripts:gregtech/recipes.js in 0.004 s
[22:31:22] [INFO] Loaded script server_scripts:gregtech/tags.js in 0.001 s
[22:31:22] [INFO] Loaded script server_scripts:gregtech/utility.js in 0.0 s
[22:31:22] [INFO] Loaded script server_scripts:handglider/recipes.js in 0.0 s
[22:31:22] [INFO] Loaded script server_scripts:hotornot/recipes.js in 0.001 s
[22:31:22] [INFO] Loaded script server_scripts:hotornot/tags.js in 0.0 s
[22:31:22] [INFO] Loaded script server_scripts:mega_cells/recipes.js in 0.001 s
[22:31:22] [INFO] Loaded script server_scripts:mega_cells/tags.js in 0.0 s
[22:31:22] [INFO] Loaded script server_scripts:me_requester/recipes.js in 0.0 s
[22:31:22] [INFO] Loaded script server_scripts:minecraft/recipes.js in 0.006 s
[22:31:22] [INFO] Loaded script server_scripts:minecraft/tags.js in 0.0 s
[22:31:22] [INFO] Loaded script server_scripts:more_red/recipes.js in 0.0 s
[22:31:22] [INFO] Loaded script server_scripts:more_red/tags.js in 0.0 s
[22:31:22] [INFO] Loaded script server_scripts:railways/recipes.js in 0.001 s
[22:31:22] [INFO] Loaded script server_scripts:railways/tags.js in 0.0 s
[22:31:22] [INFO] Loaded script server_scripts:sophisticated_backpacks/recipes.js in 0.001 s
[22:31:22] [INFO] Loaded script server_scripts:sophisticated_backpacks/tags.js in 0.0 s
[22:31:22] [INFO] Loaded script server_scripts:tfc/data.js in 0.001 s
[22:31:22] [INFO] Loaded script server_scripts:tfc/recipes.js in 0.01 s
[22:31:22] [INFO] Loaded script server_scripts:tfc/tags.js in 0.002 s
[22:31:22] [INFO] Loaded script server_scripts:tfcea/recipes.js in 0.0 s
[22:31:22] [INFO] Loaded script server_scripts:tfc_grooming_station/recipes.js in 0.0 s
[22:31:22] [INFO] Loaded script server_scripts:toolbelt/recipes.js in 0.0 s
[22:31:22] [INFO] Loaded script server_scripts:treetap/data.js in 0.0 s
[22:31:22] [INFO] Loaded script server_scripts:treetap/recipes.js in 0.0 s
[22:31:22] [INFO] Loaded script server_scripts:water_flasks/data.js in 0.0 s
[22:31:22] [INFO] Loaded script server_scripts:water_flasks/recipes.js in 0.0 s
[22:31:22] [INFO] Loaded 61/61 KubeJS server scripts in 0.064 s with 0 errors and 0 warnings
[22:31:22] [INFO] Scripts loaded
[22:31:23] [INFO] Initializing recipe event...
[22:31:23] [INFO] [minecraft:fluid] Found 609 tags, added 77 objects, removed 0 objects
[22:31:23] [INFO] [minecraft:worldgen/placed_feature] Found 115 tags, added 49 objects, removed 39 objects
[22:31:25] [INFO] [minecraft:block] Found 1665 tags, added 476 objects, removed 0 objects
[22:31:25] [INFO] [minecraft:item] Found 6438 tags, added 3507 objects, removed 0 objects
[22:31:26] [INFO] Processing recipes...
[22:31:26] [INFO] Found 56613 recipes in 655.1 ms
[22:31:26] [INFO] tfc_grooming_station/recipes.js#17: copper
[22:31:26] [INFO] tfc_grooming_station/recipes.js#17: bismuth_bronze
[22:31:26] [INFO] tfc_grooming_station/recipes.js#17: bronze
[22:31:26] [INFO] tfc_grooming_station/recipes.js#17: black_bronze
[22:31:26] [INFO] tfc_grooming_station/recipes.js#17: wrought_iron
[22:31:26] [INFO] tfc_grooming_station/recipes.js#17: steel
[22:31:26] [INFO] tfc_grooming_station/recipes.js#17: black_steel
[22:31:26] [INFO] tfc_grooming_station/recipes.js#17: red_steel
[22:31:26] [INFO] tfc_grooming_station/recipes.js#17: blue_steel
[22:31:26] [INFO] Posted recipe events in 219.8 ms
[22:31:27] [INFO] Added 9147 recipes, removed 4927 recipes, modified 0 recipes, with 0 failed recipes in 926.4 ms
[22:31:28] [INFO] Server resource reload complete!
